<?xml version="1.0" encoding="UTF-8"?>
<!-- Generated by org.testng.reporters.JUnitXMLReporter -->
<testsuite hostname="WIN-QFVULB7F2O7" name="Test" tests="1" failures="1" timestamp="13 Jun 2016 07:03:40 GMT" time="13.547" errors="0">
  <testcase name="testSelenium2Junit_RC" time="1.11" classname="seleniumide.testng.TestNG2SeleniumRC">
    <failure type="java.lang.AssertionError" message="expected [true] but found [false]">
      <![CDATA[java.lang.AssertionError: expected [true] but found [false]
	at seleniumide.testng.TestNG2SeleniumRC.testSelenium2Junit_RC(TestNG2SeleniumRC.java:29)
	at java.util.concurrent.FutureTask.run(FutureTask.java:262)
	at java.util.concurrent.ThreadPoolExecutor.runWorker(ThreadPoolExecutor.java:1145)
	at java.util.concurrent.ThreadPoolExecutor$Worker.run(ThreadPoolExecutor.java:615)
	at java.lang.Thread.run(Thread.java:745)
... Removed 20 stack frames]]>
    </failure>
  </testcase> <!-- testSelenium2Junit_RC -->
</testsuite> <!-- Test -->
